Daemon process terminated and closed the connection

Messages from the log:
    at Server.listen (node:net:2119:5)
    at c:\Users\vediv\Documents\angular-portfolio-ecosystem\node_modules\nx\src\daemon\server\server.js:374:20
    at new Promise (<anonymous>)
    at startServer (c:\Users\vediv\Documents\angular-portfolio-ecosystem\node_modules\nx\src\daemon\server\server.js:372:12)
    at async c:\Users\vediv\Documents\angular-portfolio-ecosystem\node_modules\nx\src\daemon\server\start.js:8:9
Emitted 'error' event on Server instance at:
    at emitErrorNT (node:net:1976:8)
    at process.processTicksAndRejections (node:internal/process/task_queues:90:21) {
  code: 'EADDRINUSE',
  errno: -4091,
  syscall: 'listen',
  address: '\\\\.\\pipe\\nx\\C:\\Users\\vediv\\AppData\\Local\\Temp\\d92306ae6252d1aa9a32\\d.sock',
  port: -1
}

Node.js v22.17.0
[NX v21.4.1 Daemon Server] - 2025-09-11T16:21:18.072Z - [WATCHER]: Stopping the watcher for c:\Users\vediv\Documents\angular-portfolio-ecosystem (sources)
[NX v21.4.1 Daemon Server] - 2025-09-11T16:21:18.075Z - [WATCHER]: Stopping the watcher for c:\Users\vediv\Documents\angular-portfolio-ecosystem (outputs)
[NX v21.4.1 Daemon Server] - 2025-09-11T16:21:18.079Z - Server stopped because: "this process is no longer the current daemon (native)"



More information: c:\Users\vediv\Documents\angular-portfolio-ecosystem\.nx\workspace-data\d\daemon.log